\BOOKMARK [1][-]{section.1}{\376\377\000Q\000u\000e\000s\000t\000i\000o\000n\000\040\000I}{}% 1
\BOOKMARK [2][-]{subsection.1.1}{\376\377\000B\000a\000s\000i\000c\000\040\000Q\000u\000e\000s\000t\000i\000o\000n}{section.1}% 2
\BOOKMARK [3][-]{subsubsection.1.1.1}{\376\377\000S\000o\000l\000u\000t\000i\000o\000n}{subsection.1.1}% 3
\BOOKMARK [2][-]{subsection.1.2}{\376\377\000B\000o\000n\000u\000s\000\040\000Q\000u\000e\000s\000t\000i\000o\000n}{section.1}% 4
\BOOKMARK [3][-]{subsubsection.1.2.1}{\376\377\000S\000o\000l\000u\000t\000i\000o\000n}{subsection.1.2}% 5
\BOOKMARK [1][-]{section.2}{\376\377\000Q\000u\000e\000s\000t\000i\000o\000n\000\040\000I\000I}{}% 6
\BOOKMARK [2][-]{subsection.2.1}{\376\377\000B\000a\000s\000i\000c\000\040\000Q\000u\000e\000s\000t\000i\000o\000n}{section.2}% 7
\BOOKMARK [3][-]{subsubsection.2.1.1}{\376\377\000S\000o\000l\000u\000t\000i\000o\000n}{subsection.2.1}% 8
\BOOKMARK [2][-]{subsection.2.2}{\376\377\000B\000o\000n\000u\000s}{section.2}% 9
\BOOKMARK [3][-]{subsubsection.2.2.1}{\376\377\000S\000o\000l\000u\000t\000i\000o\000n}{subsection.2.2}% 10
\BOOKMARK [1][-]{section.3}{\376\377\000Q\000u\000e\000s\000t\000i\000o\000n\000\040\000I\000I\000I}{}% 11
\BOOKMARK [2][-]{subsubsection.3.0.1}{\376\377\000S\000o\000l\000u\000t\000i\000o\000n}{section.3}% 12
\BOOKMARK [1][-]{section.4}{\376\377\000Q\000u\000e\000s\000t\000i\000o\000n\000\040\000I\000V}{}% 13
\BOOKMARK [2][-]{subsection.4.1}{\376\377\000W\000r\000i\000t\000e\000\040\000d\000o\000w\000n\000\040\000t\000h\000e\000\040\000L\000P\000\040\000f\000o\000r\000m\000u\000l\000a\000t\000i\000o\000n\000\040\000f\000o\000r\000\040\000t\000h\000e\000\040\000m\000a\000x\000-\000f\000l\000o\000w\000\040\000p\000r\000o\000b\000l\000e\000m\000.}{section.4}% 14
\BOOKMARK [3][-]{subsubsection.4.1.1}{\376\377\000S\000o\000l\000u\000t\000i\000o\000n}{subsection.4.1}% 15
\BOOKMARK [2][-]{subsection.4.2}{\376\377\000W\000r\000i\000t\000e\000\040\000t\000h\000e\000\040\000L\000P\000\040\000d\000u\000a\000l\000\040\000o\000f\000\040\000t\000h\000e\000\040\000f\000o\000r\000m\000u\000l\000a\000t\000i\000o\000n\000.}{section.4}% 16
\BOOKMARK [3][-]{subsubsection.4.2.1}{\376\377\000S\000o\000l\000u\000t\000i\000o\000n}{subsection.4.2}% 17
\BOOKMARK [2][-]{subsection.4.3}{\376\377\000I\000n\000\040\000y\000o\000u\000r\000\040\000o\000w\000n\000\040\000w\000o\000r\000d\000s\000,\000\040\000p\000r\000o\000v\000i\000d\000e\000\040\000a\000n\000\040\000i\000n\000t\000u\000i\000t\000i\000o\000n\000\040\000b\000e\000h\000i\000n\000d\000\040\000t\000h\000e\000\040\000d\000u\000a\000l\000\040\000p\000r\000o\000b\000l\000e\000m\000.}{section.4}% 18
\BOOKMARK [3][-]{subsubsection.4.3.1}{\376\377\000S\000o\000l\000u\000t\000i\000o\000n}{subsection.4.3}% 19
\BOOKMARK [1][-]{section.5}{\376\377\000Q\000u\000e\000s\000t\000i\000o\000n\000\040\000V}{}% 20
\BOOKMARK [2][-]{subsection.5.1}{\376\377\000F\000o\000r\000m\000u\000l\000a\000t\000e\000\040\000t\000h\000e\000\040\000m\000u\000l\000t\000i\000-\000c\000o\000m\000m\000o\000d\000i\000t\000y\000\040\000f\000l\000o\000w\000\040\000p\000r\000o\000b\000l\000e\000m\000\040\000a\000s\000\040\000a\000n\000\040\000L\000P\000.}{section.5}% 21
\BOOKMARK [3][-]{subsubsection.5.1.1}{\376\377\000S\000o\000l\000u\000t\000i\000o\000n}{subsection.5.1}% 22
\BOOKMARK [2][-]{subsection.5.2}{\376\377\000F\000i\000n\000d\000\040\000t\000h\000e\000\040\000o\000p\000t\000i\000m\000a\000l\000\040\000s\000o\000l\000u\000t\000i\000o\000n\000\040\000\050\000u\000s\000i\000n\000g\000\040\000a\000n\000y\000\040\000m\000e\000t\000h\000o\000d\000\040\040\023\000\040\000b\000y\000\040\000h\000a\000n\000d\000/\000a\000\040\000c\000o\000m\000p\000u\000t\000e\000r\000\040\000p\000r\000o\000g\000r\000a\000m\000\051\000.}{section.5}% 23
\BOOKMARK [3][-]{subsubsection.5.2.1}{\376\377\000S\000o\000l\000u\000t\000i\000o\000n}{subsection.5.2}% 24
